C51 COMPILER V9.01   24C02                                                                 05/09/2018 09:14:37 PAGE 1   


C51 COMPILER V9.01, COMPILATION OF MODULE 24C02
OBJECT MODULE PLACED IN 24c02.OBJ
COMPILER INVOKED BY: D:\KEIL\C51\BIN\C51.EXE 24c02.c BROWSE DEBUG OBJECTEXTEND

line level    source

   1          #include <reg52.h>
   2          #include <intrins.h>
   3          #include "24c02.h"
   4          
   5          
   6          
   7          void delay()        //
   8          { ;;;}
   9          
  10          void start()        //
  11          {  
  12   1              SDA=1;
  13   1          delay();         //
  14   1          SCL=1;
  15   1          delay();
  16   1          SDA=0;
  17   1          delay();
  18   1      }
  19          
  20          void stop()         //
  21          {  
  22   1              SDA=0;             //
  23   1          delay();
  24   1          SCL=1;
  25   1          delay();
  26   1          SDA=1;
  27   1          delay();
  28   1      }
  29          
  30          void response()
  31          {  
  32   1              uchar i;
  33   1          SCL=1;
  34   1          delay();
  35   1          if((SDA==1)&&i<250) i++;        //
  36   1          SCL=0;                          //
  37   1          delay();
  38   1      }
  39          
  40          void  noack()
  41          {  
  42   1              SCL=1;
  43   1          delay();
  44   1          SCL=1;
  45   1          delay();
  46   1          SCL=0;
  47   1          delay();
  48   1          SDA=0;
  49   1          delay();
  50   1      }
  51          void init()                      
  52          {  
  53   1              SDA=1;
  54   1          delay();
  55   1          SCL=1;
C51 COMPILER V9.01   24C02                                                                 05/09/2018 09:14:37 PAGE 2   

  56   1          delay();
  57   1      }
  58          void writeByte(uchar sData)     //
  59          {  
  60   1              uchar i,temp;
  61   1          temp=sData;
  62   1          for(i=0;i<8;i++)
  63   1          {   
  64   2                      temp=temp<<1;
  65   2              SCL=0;                    //
  66   2              delay();
  67   2              SDA=CY;                   //
  68   2              delay();
  69   2              SCL=1;
  70   2              delay();
  71   2                      SCL=0;
  72   2                      delay();
  73   2          }
  74   1          SCL=0;
  75   1          delay();
  76   1              SDA=1;
  77   1              delay();
  78   1      }
  79          uchar readByte()
  80          {  
  81   1              uchar i,k;
  82   1          SCL=0;
  83   1          delay();
  84   1          SDA=1;
  85   1          delay();
  86   1          for(i=0;i<8;i++)
  87   1          {  
  88   2                      SCL=1;
  89   2              delay();
  90   2              k=(k<<1)|SDA;
  91   2              SCL=0;
  92   2              delay();
  93   2          }   
  94   1          return k;
  95   1      }
  96          
  97          void writeAdd(uchar address,uchar sData)
  98          {  
  99   1          start();
 100   1          writeByte(0xa0);                    //
 101   1          response();
 102   1          writeByte(address);
 103   1          response();
 104   1          writeByte(sData);
 105   1          response();
 106   1          stop();
 107   1      }
 108          
 109          uchar readAdd(uchar address)
 110          {  
 111   1              uchar sData;
 112   1          start();
 113   1          writeByte(0xa0);
 114   1          response();
 115   1          writeByte(address);
 116   1          response();
 117   1          start();
C51 COMPILER V9.01   24C02                                                                 05/09/2018 09:14:37 PAGE 3   

 118   1          writeByte(0xa1);                //
 119   1          response();
 120   1          sData=readByte();
 121   1          noack();
 122   1          stop();
 123   1          return sData;
 124   1      }


MODULE INFORMATION:   STATIC OVERLAYABLE
   CODE SIZE        =    211    ----
   CONSTANT SIZE    =   ----    ----
   XDATA SIZE       =   ----    ----
   PDATA SIZE       =   ----    ----
   DATA SIZE        =   ----       1
   IDATA SIZE       =   ----    ----
   BIT SIZE         =   ----    ----
END OF MODULE INFORMATION.


C51 COMPILATION COMPLETE.  0 WARNING(S),  0 ERROR(S)
