C51 COMPILER V9.01   TLC549                                                                05/09/2018 09:14:38 PAGE 1   


C51 COMPILER V9.01, COMPILATION OF MODULE TLC549
OBJECT MODULE PLACED IN tlc549.OBJ
COMPILER INVOKED BY: D:\KEIL\C51\BIN\C51.EXE tlc549.c BROWSE DEBUG OBJECTEXTEND

line level    source

   1          #include "tlc549.h"
   2          
   3          uchar TLC549(void)
   4          {
   5   1              uchar i, sData;
   6   1              ADIO = 0;
   7   1              ADOUT = 1;
   8   1              ADCS = 0;
   9   1              for( i = 0; i < 8; ++i )
  10   1              {
  11   2                      ADIO = 1;
  12   2                      sData <<= 1;
  13   2                      if( ADOUT == 1)
  14   2                      {
  15   3                              ++sData;
  16   3                      }
  17   2                      ADIO = 0;
  18   2              }
  19   1              ADCS = 1;
  20   1              return sData;
  21   1      }


MODULE INFORMATION:   STATIC OVERLAYABLE
   CODE SIZE        =     27    ----
   CONSTANT SIZE    =   ----    ----
   XDATA SIZE       =   ----    ----
   PDATA SIZE       =   ----    ----
   DATA SIZE        =   ----    ----
   IDATA SIZE       =   ----    ----
   BIT SIZE         =   ----    ----
END OF MODULE INFORMATION.


C51 COMPILATION COMPLETE.  0 WARNING(S),  0 ERROR(S)
